<?xml version="1.0" encoding="UTF-8"?>
<testng-results ignored="0" total="5" passed="5" failed="0" skipped="0">
  <reporter-output>
  </reporter-output>
  <suite started-at="2021-11-16T01:21:10 NPT" name="Default suite" finished-at="2021-11-16T01:21:59 NPT" duration-ms="48949">
    <groups>
    </groups>
    <test started-at="2021-11-16T01:21:10 NPT" name="Default test" finished-at="2021-11-16T01:21:59 NPT" duration-ms="48949">
      <class name="com.org.qa.weconsilium.testcase.ItinerariesListPageTest">
        <test-method is-config="true" signature="Setup()[pri:0, instance:com.org.qa.weconsilium.testcase.ItinerariesListPageTest@243c4f91]" started-at="2021-11-16T01:21:10 NPT" name="Setup" finished-at="2021-11-16T01:21:16 NPT" duration-ms="6013" status="PASS">
          <reporter-output>
          </reporter-output>
        </test-method> <!-- Setup -->
        <test-method signature="LoginToApplication()[pri:1, instance:com.org.qa.weconsilium.testcase.ItinerariesListPageTest@243c4f91]" started-at="2021-11-16T01:21:16 NPT" name="LoginToApplication" finished-at="2021-11-16T01:21:24 NPT" duration-ms="7336" status="PASS">
          <reporter-output>
          </reporter-output>
        </test-method> <!-- LoginToApplication -->
        <test-method signature="CheckCancelButton()[pri:2, instance:com.org.qa.weconsilium.testcase.ItinerariesListPageTest@243c4f91]" started-at="2021-11-16T01:21:24 NPT" name="CheckCancelButton" finished-at="2021-11-16T01:21:37 NPT" duration-ms="13437" status="PASS">
          <reporter-output>
          </reporter-output>
        </test-method> <!-- CheckCancelButton -->
        <test-method signature="clickEditButton()[pri:3, instance:com.org.qa.weconsilium.testcase.ItinerariesListPageTest@243c4f91]" started-at="2021-11-16T01:21:37 NPT" name="clickEditButton" finished-at="2021-11-16T01:21:47 NPT" duration-ms="10113" status="PASS">
          <reporter-output>
          </reporter-output>
        </test-method> <!-- clickEditButton -->
        <test-method signature="ClickDeteleButton()[pri:4, instance:com.org.qa.weconsilium.testcase.ItinerariesListPageTest@243c4f91]" started-at="2021-11-16T01:21:47 NPT" name="ClickDeteleButton" finished-at="2021-11-16T01:21:52 NPT" duration-ms="5091" status="PASS">
          <reporter-output>
          </reporter-output>
        </test-method> <!-- ClickDeteleButton -->
        <test-method signature="SwithToAlert()[pri:5, instance:com.org.qa.weconsilium.testcase.ItinerariesListPageTest@243c4f91]" started-at="2021-11-16T01:21:52 NPT" name="SwithToAlert" finished-at="2021-11-16T01:21:59 NPT" duration-ms="6455" status="PASS">
          <reporter-output>
          </reporter-output>
        </test-method> <!-- SwithToAlert -->
        <test-method is-config="true" signature="TearDown()[pri:0, instance:com.org.qa.weconsilium.testcase.ItinerariesListPageTest@243c4f91]" started-at="2021-11-16T01:21:59 NPT" name="TearDown" finished-at="2021-11-16T01:21:59 NPT" duration-ms="456" status="PASS">
          <reporter-output>
          </reporter-output>
        </test-method> <!-- TearDown -->
      </class> <!-- com.org.qa.weconsilium.testcase.ItinerariesListPageTest -->
    </test> <!-- Default test -->
  </suite> <!-- Default suite -->
</testng-results>
