<?xml version="1.0" encoding="UTF-8"?>
<!-- Generated by org.testng.reporters.JUnitXMLReporter -->
<testsuite ignored="0" hostname="LAPTOP-AJDSTEKP" failures="0" tests="5" name="Default test" time="48.949" errors="0" timestamp="2021-11-16T01:21:59 NPT">
  <testcase classname="com.org.qa.weconsilium.testcase.ItinerariesListPageTest" name="LoginToApplication" time="7.336"/>
  <testcase classname="com.org.qa.weconsilium.testcase.ItinerariesListPageTest" name="CheckCancelButton" time="13.437"/>
  <testcase classname="com.org.qa.weconsilium.testcase.ItinerariesListPageTest" name="clickEditButton" time="10.113"/>
  <testcase classname="com.org.qa.weconsilium.testcase.ItinerariesListPageTest" name="ClickDeteleButton" time="5.091"/>
  <testcase classname="com.org.qa.weconsilium.testcase.ItinerariesListPageTest" name="SwithToAlert" time="6.455"/>
</testsuite> <!-- Default test -->
